<?xml version="1.0" encoding="UTF-8"?>
<!-- Generated by org.testng.reporters.JUnitReportReporter -->
<testsuite hostname="QSP" failures="0" tests="1" name="com_EducationalDomain_SkillRray_Testscripts.TakeThisCourse" time="57.169" errors="0" timestamp="2021-07-21T16:09:54 IST" skipped="0">
  <testcase classname="com_EducationalDomain_SkillRray_Testscripts.TakeThisCourse" name="tc2" time="57.169"/>
</testsuite> <!-- com_EducationalDomain_SkillRray_Testscripts.TakeThisCourse -->
