<?xml version="1.0" encoding="UTF-8"?>
<!-- Generated by org.testng.reporters.JUnitReportReporter -->
<testsuite hostname="QSP" failures="0" tests="1" name="com_EducationalDomain_SkillRray_Testscripts.FacebookLike" time="27.453" errors="0" timestamp="2021-07-21T16:09:54 IST" skipped="0">
  <testcase classname="com_EducationalDomain_SkillRray_Testscripts.FacebookLike" name="tc1" time="27.453"/>
</testsuite> <!-- com_EducationalDomain_SkillRray_Testscripts.FacebookLike -->
